c:\users\pitic\onedrive\documents\desktop\model loading\build\shadowmapping.dir\debug\vc143.pdb
c:\users\pitic\onedrive\documents\desktop\model loading\build\shadowmapping.dir\debug\model.obj
c:\users\pitic\onedrive\documents\desktop\model loading\build\shadowmapping.dir\debug\mesh.obj
c:\users\pitic\onedrive\documents\desktop\model loading\build\shadowmapping.dir\debug\auxiliary.obj
c:\users\pitic\onedrive\documents\desktop\model loading\build\shadowmapping.dir\debug\camera.obj
c:\users\pitic\onedrive\documents\desktop\model loading\build\shadowmapping.dir\debug\shader.obj
c:\users\pitic\onedrive\documents\desktop\model loading\build\shadowmapping.dir\debug\main.obj
c:\users\pitic\onedrive\documents\desktop\model loading\build\shadowmapping.dir\debug\imgui_impl_opengl3.obj
c:\users\pitic\onedrive\documents\desktop\model loading\build\shadowmapping.dir\debug\imgui_impl_glfw.obj
c:\users\pitic\onedrive\documents\desktop\model loading\build\shadowmapping.dir\debug\imgui_tables.obj
c:\users\pitic\onedrive\documents\desktop\model loading\build\shadowmapping.dir\debug\imgui_widgets.obj
c:\users\pitic\onedrive\documents\desktop\model loading\build\shadowmapping.dir\debug\imgui_draw.obj
c:\users\pitic\onedrive\documents\desktop\model loading\build\shadowmapping.dir\debug\imgui.obj
c:\users\pitic\onedrive\documents\desktop\model loading\build\shadowmapping.dir\debug\glad.obj
c:\users\pitic\onedrive\documents\desktop\model loading\build\cmakefiles\generate.stamp
c:\users\pitic\onedrive\documents\desktop\model loading\build\cmake\bin\debug\main.exe
c:\users\pitic\onedrive\documents\desktop\model loading\build\cmake\bin\debug\main.pdb
c:\users\pitic\onedrive\documents\desktop\model loading\build\shadowmapping.dir\debug\main.ilk
c:\users\pitic\onedrive\documents\desktop\model loading\build\shadowmapping.dir\debug\shadowmapping.tlog\cl.command.1.tlog
c:\users\pitic\onedrive\documents\desktop\model loading\build\shadowmapping.dir\debug\shadowmapping.tlog\cl.items.tlog
c:\users\pitic\onedrive\documents\desktop\model loading\build\shadowmapping.dir\debug\shadowmapping.tlog\cl.read.1.tlog
c:\users\pitic\onedrive\documents\desktop\model loading\build\shadowmapping.dir\debug\shadowmapping.tlog\cl.write.1.tlog
c:\users\pitic\onedrive\documents\desktop\model loading\build\shadowmapping.dir\debug\shadowmapping.tlog\custombuild.command.1.tlog
c:\users\pitic\onedrive\documents\desktop\model loading\build\shadowmapping.dir\debug\shadowmapping.tlog\custombuild.read.1.tlog
c:\users\pitic\onedrive\documents\desktop\model loading\build\shadowmapping.dir\debug\shadowmapping.tlog\custombuild.write.1.tlog
c:\users\pitic\onedrive\documents\desktop\model loading\build\shadowmapping.dir\debug\shadowmapping.tlog\link.command.1.tlog
c:\users\pitic\onedrive\documents\desktop\model loading\build\shadowmapping.dir\debug\shadowmapping.tlog\link.read.1.tlog
c:\users\pitic\onedrive\documents\desktop\model loading\build\shadowmapping.dir\debug\shadowmapping.tlog\link.secondary.1.tlog
c:\users\pitic\onedrive\documents\desktop\model loading\build\shadowmapping.dir\debug\shadowmapping.tlog\link.write.1.tlog
